<?xml version="1.0" encoding="utf-8"?><testsuites name="pytest tests"><testsuite name="pytest" errors="0" failures="0" skipped="0" tests="179" time="148.139" timestamp="2026-05-01T05:21:32.329327+00:00" hostname="agent-env-444f2ee0-822d-4df4-a1d4-dad1b9fb348e"><testcase classname="backend.tests.backend_test.TestAuth" name="test_login_success" time="0.350" /><testcase classname="backend.tests.backend_test.TestAuth" name="test_login_invalid" time="0.325" /><testcase classname="backend.tests.backend_test.TestAuth" name="test_me" time="0.447" /><testcase classname="backend.tests.backend_test.TestAuth" name="test_me_no_token" time="0.113" /><testcase classname="backend.tests.backend_test.TestAuth" name="test_register_and_duplicate" time="0.427" /><testcase classname="backend.tests.backend_test.TestPosts" name="test_feed" time="0.108" /><testcase classname="backend.tests.backend_test.TestPosts" name="test_explore" time="0.111" /><testcase classname="backend.tests.backend_test.TestPosts" name="test_create_like_comment" time="0.988" /><testcase classname="backend.tests.backend_test.TestPosts" name="test_create_no_auth" time="0.105" /><testcase classname="backend.tests.backend_test.TestUsers" name="test_get_profile" time="0.107" /><testcase classname="backend.tests.backend_test.TestUsers" name="test_get_profile_self" time="0.118" /><testcase classname="backend.tests.backend_test.TestUsers" name="test_follow_toggle" time="0.430" /><testcase classname="backend.tests.backend_test.TestUsers" name="test_update_profile" time="0.221" /><testcase classname="backend.tests.backend_test.TestCoursesGigs" name="test_courses" time="0.104" /><testcase classname="backend.tests.backend_test.TestCoursesGigs" name="test_gigs" time="0.097" /><testcase classname="backend.tests.backend_test.TestCoursesGigs" name="test_gig_apply" time="0.213" /><testcase classname="backend.tests.backend_test.TestCoursesGigs" name="test_gig_apply_no_auth" time="0.217" /><testcase classname="backend.tests.test_iter2.TestUploadAndFiles" name="test_upload_requires_auth" time="0.100" /><testcase classname="backend.tests.test_iter2.TestUploadAndFiles" name="test_upload_returns_url_and_path" time="0.645" /><testcase classname="backend.tests.test_iter2.TestUploadAndFiles" name="test_get_file_streams_bytes" time="27.930" /><testcase classname="backend.tests.test_iter2.TestNotifications" name="test_like_creates_notification_for_target_not_actor" time="1.016" /><testcase classname="backend.tests.test_iter2.TestNotifications" name="test_unread_count_and_read_all" time="0.316" /><testcase classname="backend.tests.test_iter2.TestNotifications" name="test_mark_one_read" time="0.796" /><testcase classname="backend.tests.test_iter2.TestNotifications" name="test_follow_creates_notification" time="0.585" /><testcase classname="backend.tests.test_iter2.TestAIRecommend" name="test_ai_recommend_shape" time="10.933" /><testcase classname="backend.tests.test_iter2.TestAds" name="test_full_ad_lifecycle" time="1.315" /><testcase classname="backend.tests.test_iter2.TestDashboard" name="test_stats_shape" time="0.113" /><testcase classname="backend.tests.test_iter2.TestCourses" name="test_create_update_delete_owner_only" time="0.673" /><testcase classname="backend.tests.test_iter2.TestCourses" name="test_enroll_idempotent_and_xp" time="0.675" /><testcase classname="backend.tests.test_iter2.TestXPandLeaderboard" name="test_leaderboard_sorted_desc" time="0.120" /><testcase classname="backend.tests.test_iter2.TestXPandLeaderboard" name="test_users_me_xp_shape" time="0.106" /><testcase classname="backend.tests.test_iter2.TestXPandLeaderboard" name="test_user_profile_has_level_and_badges" time="0.109" /><testcase classname="backend.tests.test_iter2.TestXPRulesAndBadges" name="test_post_create_awards_20_and_first_post_badge" time="0.323" /><testcase classname="backend.tests.test_iter2.TestXPRulesAndBadges" name="test_gig_apply_15_and_earner_badge" time="0.419" /><testcase classname="backend.tests.test_iter2.TestXPRulesAndBadges" name="test_enroll_awards_scholar" time="0.330" /><testcase classname="backend.tests.test_iter2.TestStreak" name="test_auth_me_does_not_double_count_same_day" time="27.219" /><testcase classname="backend.tests.test_iter3.TestWebSocket" name="test_invalid_token_closes" time="0.216" /><testcase classname="backend.tests.test_iter3.TestWebSocket" name="test_valid_token_connected_event" time="15.724" /><testcase classname="backend.tests.test_iter3.TestWebSocket" name="test_realtime_notification_on_follow" time="0.988" /><testcase classname="backend.tests.test_iter3.TestMediaValidation" name="test_reject_invalid_media[data:image/png;base64,iVBORw0KGgo=]" time="0.123" /><testcase classname="backend.tests.test_iter3.TestMediaValidation" name="test_reject_invalid_media[javascript:alert(1)]" time="0.129" /><testcase classname="backend.tests.test_iter3.TestMediaValidation" name="test_reject_invalid_media[]" time="0.102" /><testcase classname="backend.tests.test_iter3.TestMediaValidation" name="test_reject_invalid_media[ftp://example.com/x.png]" time="0.134" /><testcase classname="backend.tests.test_iter3.TestMediaValidation" name="test_reject_invalid_media[file:///etc/passwd]" time="0.123" /><testcase classname="backend.tests.test_iter3.TestMediaValidation" name="test_reject_invalid_media[blob:abc]" time="0.112" /><testcase classname="backend.tests.test_iter3.TestMediaValidation" name="test_accept_valid_media[https://images.unsplash.com/photo-x.jpg]" time="0.235" /><testcase classname="backend.tests.test_iter3.TestMediaValidation" name="test_accept_valid_media[http://example.com/x.png]" time="0.227" /><testcase classname="backend.tests.test_iter3.TestMediaValidation" name="test_accept_valid_media[/api/files/uploads/abc.png]" time="0.256" /><testcase classname="backend.tests.test_iter3.TestPasswordReset" name="test_forgot_unknown_email_returns_200" time="0.104" /><testcase classname="backend.tests.test_iter3.TestPasswordReset" name="test_forgot_known_email_returns_200_and_logs_link" time="0.118" /><testcase classname="backend.tests.test_iter3.TestPasswordReset" name="test_reset_invalid_token" time="0.115" /><testcase classname="backend.tests.test_iter3.TestPasswordReset" name="test_reset_valid_token_then_replay_blocked_then_restore" time="2.001" /><testcase classname="backend.tests.test_iter4.TestSearch" name="test_empty_q_422" time="0.124" /><testcase classname="backend.tests.test_iter4.TestSearch" name="test_missing_q_422" time="0.100" /><testcase classname="backend.tests.test_iter4.TestSearch" name="test_react_returns_all_sections" time="0.113" /><testcase classname="backend.tests.test_iter4.TestSearch" name="test_case_insensitive" time="0.220" /><testcase classname="backend.tests.test_iter4.TestSearch" name="test_user_hit_maya" time="0.104" /><testcase classname="backend.tests.test_iter4.TestSearch" name="test_design_multi" time="0.108" /><testcase classname="backend.tests.test_iter4.TestSearch" name="test_limit_param_respected" time="0.128" /><testcase classname="backend.tests.test_iter4.TestSearch" name="test_no_mongo_id_leak" time="0.108" /><testcase classname="backend.tests.test_iter4.TestPush" name="test_vapid_public_key" time="15.121" /><testcase classname="backend.tests.test_iter4.TestPush" name="test_subscribe_requires_auth" time="0.190" /><testcase classname="backend.tests.test_iter4.TestPush" name="test_subscribe_then_idempotent_then_unsubscribe" time="0.684" /><testcase classname="backend.tests.test_iter4.TestPush" name="test_subscribe_invalid_subscription" time="0.435" /><testcase classname="backend.tests.test_iter4.TestWebPushBestEffort" name="test_create_notification_with_fake_subscription_does_not_raise" time="1.226" /><testcase classname="backend.tests.test_iter4.TestForgotPasswordResendFallback" name="test_forgot_password_returns_ok" time="0.103" /><testcase classname="backend.tests.test_iter4.TestForgotPasswordResendFallback" name="test_forgot_password_unknown_email_ok" time="0.115" /><testcase classname="backend.tests.test_iter4.TestPostRefactorSmoke" name="test_login" time="0.332" /><testcase classname="backend.tests.test_iter4.TestPostRefactorSmoke" name="test_me" time="0.115" /><testcase classname="backend.tests.test_iter4.TestPostRefactorSmoke" name="test_feed" time="0.110" /><testcase classname="backend.tests.test_iter4.TestPostRefactorSmoke" name="test_explore" time="0.113" /><testcase classname="backend.tests.test_iter4.TestPostRefactorSmoke" name="test_courses" time="0.106" /><testcase classname="backend.tests.test_iter4.TestPostRefactorSmoke" name="test_gigs" time="0.104" /><testcase classname="backend.tests.test_iter4.TestPostRefactorSmoke" name="test_user_profile" time="0.106" /><testcase classname="backend.tests.test_iter4.TestPostRefactorSmoke" name="test_dashboard_stats" time="0.113" /><testcase classname="backend.tests.test_iter4.TestPostRefactorSmoke" name="test_notifications" time="0.140" /><testcase classname="backend.tests.test_iter4.TestPostRefactorSmoke" name="test_leaderboard" time="0.103" /><testcase classname="backend.tests.test_iter4.TestPostRefactorSmoke" name="test_xp" time="0.105" /><testcase classname="backend.tests.test_iter4.TestPostRefactorSmoke" name="test_ai_recommend" time="10.315" /><testcase classname="backend.tests.test_iter4.TestPostRefactorSmoke" name="test_ads_active" time="0.159" /><testcase classname="backend.tests.test_iter5.TestRegisterRole" name="test_register_default_role_is_student" time="0.347" /><testcase classname="backend.tests.test_iter5.TestRegisterRole" name="test_register_creator_role_accepted" time="0.278" /><testcase classname="backend.tests.test_iter5.TestRegisterRole" name="test_register_invalid_role_rejected" time="0.048" /><testcase classname="backend.tests.test_iter5.TestLoginRole" name="test_login_includes_role_creator" time="0.276" /><testcase classname="backend.tests.test_iter5.TestLoginRole" name="test_login_includes_role_admin" time="0.273" /><testcase classname="backend.tests.test_iter5.TestLoginRole" name="test_demo_creators_all_present" time="0.824" /><testcase classname="backend.tests.test_iter5.TestMyEnrollmentsApplications" name="test_my_enrollments_array" time="0.328" /><testcase classname="backend.tests.test_iter5.TestMyEnrollmentsApplications" name="test_my_applications_array" time="0.046" /><testcase classname="backend.tests.test_iter5.TestMyEnrollmentsApplications" name="test_enrollments_after_enroll" time="0.157" /><testcase classname="backend.tests.test_iter5.TestMyEnrollmentsApplications" name="test_applications_after_apply" time="0.157" /><testcase classname="backend.tests.test_iter5.TestUpgradeRole" name="test_student_can_upgrade_to_creator" time="0.329" /><testcase classname="backend.tests.test_iter5.TestUpgradeRole" name="test_upgrade_invalid_role_rejected" time="0.046" /><testcase classname="backend.tests.test_iter5.TestGigCRUD" name="test_student_cannot_create_gig" time="0.048" /><testcase classname="backend.tests.test_iter5.TestGigCRUD" name="test_creator_create_gig" time="0.045" /><testcase classname="backend.tests.test_iter5.TestGigCRUD" name="test_my_gigs_list" time="0.053" /><testcase classname="backend.tests.test_iter5.TestGigCRUD" name="test_my_gigs_forbidden_for_student" time="0.045" /><testcase classname="backend.tests.test_iter5.TestGigCRUD" name="test_apply_creates_application" time="0.054" /><testcase classname="backend.tests.test_iter5.TestGigCRUD" name="test_owner_lists_applicants" time="0.049" /><testcase classname="backend.tests.test_iter5.TestGigCRUD" name="test_non_owner_cannot_list_applicants" time="0.333" /><testcase classname="backend.tests.test_iter5.TestGigCRUD" name="test_status_update_by_owner" time="0.055" /><testcase classname="backend.tests.test_iter5.TestGigCRUD" name="test_status_invalid_value" time="0.046" /><testcase classname="backend.tests.test_iter5.TestGigCRUD" name="test_status_update_by_non_owner_forbidden" time="0.048" /><testcase classname="backend.tests.test_iter5.TestGigCRUD" name="test_patch_gig_by_non_owner" time="0.045" /><testcase classname="backend.tests.test_iter5.TestGigCRUD" name="test_patch_gig_by_owner" time="0.049" /><testcase classname="backend.tests.test_iter5.TestGigCRUD" name="test_delete_gig_cascades_applications" time="0.095" /><testcase classname="backend.tests.test_iter5.TestReelsSubscriptions" name="test_reels_returns_only_videos" time="0.051" /><testcase classname="backend.tests.test_iter5.TestReelsSubscriptions" name="test_subscriptions_requires_auth" time="0.049" /><testcase classname="backend.tests.test_iter5.TestReelsSubscriptions" name="test_subscriptions_empty_when_not_following" time="0.047" /><testcase classname="backend.tests.test_iter5.TestReelsSubscriptions" name="test_subscriptions_after_follow" time="0.114" /><testcase classname="backend.tests.test_iter5.TestInsightsCRM" name="test_insights_creator_ok" time="0.051" /><testcase classname="backend.tests.test_iter5.TestInsightsCRM" name="test_insights_student_forbidden" time="0.047" /><testcase classname="backend.tests.test_iter5.TestInsightsCRM" name="test_crm_creator_ok" time="0.048" /><testcase classname="backend.tests.test_iter5.TestInsightsCRM" name="test_crm_student_forbidden" time="0.044" /><testcase classname="backend.tests.test_iter5.TestRegressionSmoke" name="test_feed" time="0.055" /><testcase classname="backend.tests.test_iter5.TestRegressionSmoke" name="test_explore" time="0.053" /><testcase classname="backend.tests.test_iter5.TestRegressionSmoke" name="test_courses" time="0.051" /><testcase classname="backend.tests.test_iter5.TestRegressionSmoke" name="test_gigs" time="0.048" /><testcase classname="backend.tests.test_iter5.TestRegressionSmoke" name="test_leaderboard" time="0.049" /><testcase classname="backend.tests.test_iter5.TestRegressionSmoke" name="test_search" time="0.048" /><testcase classname="backend.tests.test_iter5.TestRegressionSmoke" name="test_dashboard_stats" time="0.049" /><testcase classname="backend.tests.test_iter5.TestRegressionSmoke" name="test_notifications" time="0.065" /><testcase classname="backend.tests.test_iter5.TestRegressionSmoke" name="test_my_xp" time="0.055" /><testcase classname="backend.tests.test_iter6.TestCreatorStorefront" name="test_storefront_admin" time="0.127" /><testcase classname="backend.tests.test_iter6.TestCreatorStorefront" name="test_storefront_maya" time="0.051" /><testcase classname="backend.tests.test_iter6.TestCreatorStorefront" name="test_storefront_arjun" time="0.050" /><testcase classname="backend.tests.test_iter6.TestCreatorStorefront" name="test_storefront_neha" time="0.074" /><testcase classname="backend.tests.test_iter6.TestCreatorStorefront" name="test_storefront_404" time="0.054" /><testcase classname="backend.tests.test_iter6.TestCreatorStorefront" name="test_storefront_courses_have_enrollments" time="0.050" /><testcase classname="backend.tests.test_iter6.TestSearchHybrid" name="test_search_full_word_react" time="0.049" /><testcase classname="backend.tests.test_iter6.TestSearchHybrid" name="test_search_short_partial_re" time="0.056" /><testcase classname="backend.tests.test_iter6.TestSearchHybrid" name="test_search_partial_may" time="0.049" /><testcase classname="backend.tests.test_iter6.TestPasswordReset" name="test_forgot_inserts_dual_field_token" time="0.053" /><testcase classname="backend.tests.test_iter6.TestPasswordReset" name="test_ttl_index_present" time="0.003" /><testcase classname="backend.tests.test_iter6.TestPasswordReset" name="test_reset_flow_end_to_end" time="0.886" /><testcase classname="backend.tests.test_iter6.TestTextIndexes" name="test_text_indexes_exist" time="0.004" /><testcase classname="backend.tests.test_iter6.TestRegression" name="test_login" time="0.272" /><testcase classname="backend.tests.test_iter6.TestRegression" name="test_me" time="0.321" /><testcase classname="backend.tests.test_iter6.TestRegression" name="test_feed" time="0.060" /><testcase classname="backend.tests.test_iter6.TestRegression" name="test_reels" time="0.051" /><testcase classname="backend.tests.test_iter6.TestRegression" name="test_insights_creator_only" time="0.051" /><testcase classname="backend.tests.test_iter6.TestRegression" name="test_crm" time="0.051" /><testcase classname="backend.tests.test_iter7.TestBilling" name="test_plans" time="0.112" /><testcase classname="backend.tests.test_iter7.TestBilling" name="test_billing_me_demo_user" time="0.430" /><testcase classname="backend.tests.test_iter7.TestBilling" name="test_checkout_razorpay_mock" time="0.113" /><testcase classname="backend.tests.test_iter7.TestBilling" name="test_checkout_stripe_mock" time="0.109" /><testcase classname="backend.tests.test_iter7.TestBilling" name="test_checkout_tokens_insufficient" time="0.439" /><testcase classname="backend.tests.test_iter7.TestWallet" name="test_wallet_me" time="0.108" /><testcase classname="backend.tests.test_iter7.TestReferralFlow" name="test_full_referral_token_flow" time="1.377" /><testcase classname="backend.tests.test_iter7.TestRedeem" name="test_redeem_ai_credits" time="0.697" /><testcase classname="backend.tests.test_iter7.TestRedeem" name="test_redeem_ads" time="0.112" /><testcase classname="backend.tests.test_iter7.TestRedeem" name="test_redeem_course_requires_target" time="0.106" /><testcase classname="backend.tests.test_iter7.TestStories" name="test_stories_feed" time="0.126" /><testcase classname="backend.tests.test_iter7.TestStories" name="test_create_view_delete_story" time="0.754" /><testcase classname="backend.tests.test_iter7.TestStories" name="test_stories_ttl_index" time="0.003" /><testcase classname="backend.tests.test_iter7.TestCommunity" name="test_create_dm_idempotent" time="0.223" /><testcase classname="backend.tests.test_iter7.TestCommunity" name="test_list_my_groups" time="0.114" /><testcase classname="backend.tests.test_iter7.TestCommunity" name="test_send_message_react_read" time="0.778" /><testcase classname="backend.tests.test_iter7.TestCommunity" name="test_typing_endpoint" time="0.211" /><testcase classname="backend.tests.test_iter7.TestSearch" name="test_search_react" time="0.115" /><testcase classname="backend.tests.test_iter8.TestShareSSR" name="test_share_creator_maya" time="0.121" /><testcase classname="backend.tests.test_iter8.TestShareSSR" name="test_share_creator_404" time="0.104" /><testcase classname="backend.tests.test_iter8.TestShareSSR" name="test_share_user_maya" time="0.110" /><testcase classname="backend.tests.test_iter8.TestShareSSR" name="test_share_post_uses_media_for_image" time="0.121" /><testcase classname="backend.tests.test_iter8.TestShareSSR" name="test_share_post_video_uses_author_avatar" time="0.134" /><testcase classname="backend.tests.test_iter8.TestShareSSR" name="test_share_post_404" time="0.108" /><testcase classname="backend.tests.test_iter8.TestShareSSR" name="test_sitemap_regression" time="0.099" /><testcase classname="backend.tests.test_iter8.TestEmailVerification" name="test_signup_creates_unverified_user_and_token" time="0.349" /><testcase classname="backend.tests.test_iter8.TestEmailVerification" name="test_seeded_users_pre_verified" time="0.003" /><testcase classname="backend.tests.test_iter8.TestEmailVerification" name="test_resend_already_verified" time="0.432" /><testcase classname="backend.tests.test_iter8.TestEmailVerification" name="test_resend_rate_limited" time="0.491" /><testcase classname="backend.tests.test_iter8.TestEmailVerification" name="test_verify_email_invalid_token" time="0.118" /><testcase classname="backend.tests.test_iter8.TestEmailVerification" name="test_verify_email_valid_token_sets_verified_and_awards_xp" time="0.186" /><testcase classname="backend.tests.test_iter8.TestEmailVerification" name="test_verify_email_used_token_rejected" time="0.109" /><testcase classname="backend.tests.test_iter8.TestVoiceMessages" name="test_voice_message_create" time="0.551" /><testcase classname="backend.tests.test_iter8.TestVoiceMessages" name="test_group_last_message_preview_voice" time="0.219" /><testcase classname="backend.tests.test_iter8.TestVoiceMessages" name="test_voice_validation_no_media" time="0.112" /><testcase classname="backend.tests.test_iter8.TestVoiceMessages" name="test_text_message_regression" time="0.112" /><testcase classname="backend.tests.test_iter8.TestVoiceMessages" name="test_image_message_regression" time="0.107" /><testcase classname="backend.tests.test_iter8.TestGroupSettingsRegression" name="test_patch_and_member_ops" time="1.339" /></testsuite></testsuites>