<?xml version="1.0" encoding="utf-8"?><testsuites name="pytest tests"><testsuite name="pytest" errors="0" failures="0" skipped="0" tests="80" time="45.173" timestamp="2026-04-28T12:14:18.877873+00:00" hostname="agent-env-444f2ee0-822d-4df4-a1d4-dad1b9fb348e"><testcase classname="backend.tests.backend_test.TestAuth" name="test_login_success" time="0.426" /><testcase classname="backend.tests.backend_test.TestAuth" name="test_login_invalid" time="0.334" /><testcase classname="backend.tests.backend_test.TestAuth" name="test_me" time="0.426" /><testcase classname="backend.tests.backend_test.TestAuth" name="test_me_no_token" time="0.111" /><testcase classname="backend.tests.backend_test.TestAuth" name="test_register_and_duplicate" time="0.436" /><testcase classname="backend.tests.backend_test.TestPosts" name="test_feed" time="0.121" /><testcase classname="backend.tests.backend_test.TestPosts" name="test_explore" time="0.113" /><testcase classname="backend.tests.backend_test.TestPosts" name="test_create_like_comment" time="1.053" /><testcase classname="backend.tests.backend_test.TestPosts" name="test_create_no_auth" time="0.107" /><testcase classname="backend.tests.backend_test.TestUsers" name="test_get_profile" time="0.100" /><testcase classname="backend.tests.backend_test.TestUsers" name="test_get_profile_self" time="0.121" /><testcase classname="backend.tests.backend_test.TestUsers" name="test_follow_toggle" time="0.568" /><testcase classname="backend.tests.backend_test.TestUsers" name="test_update_profile" time="0.218" /><testcase classname="backend.tests.backend_test.TestCoursesGigs" name="test_courses" time="0.106" /><testcase classname="backend.tests.backend_test.TestCoursesGigs" name="test_gigs" time="0.118" /><testcase classname="backend.tests.backend_test.TestCoursesGigs" name="test_gig_apply" time="0.221" /><testcase classname="backend.tests.backend_test.TestCoursesGigs" name="test_gig_apply_no_auth" time="0.233" /><testcase classname="backend.tests.test_iter2.TestUploadAndFiles" name="test_upload_requires_auth" time="0.100" /><testcase classname="backend.tests.test_iter2.TestUploadAndFiles" name="test_upload_returns_url_and_path" time="0.608" /><testcase classname="backend.tests.test_iter2.TestUploadAndFiles" name="test_get_file_streams_bytes" time="0.335" /><testcase classname="backend.tests.test_iter2.TestNotifications" name="test_like_creates_notification_for_target_not_actor" time="0.878" /><testcase classname="backend.tests.test_iter2.TestNotifications" name="test_unread_count_and_read_all" time="0.408" /><testcase classname="backend.tests.test_iter2.TestNotifications" name="test_mark_one_read" time="0.779" /><testcase classname="backend.tests.test_iter2.TestNotifications" name="test_follow_creates_notification" time="0.574" /><testcase classname="backend.tests.test_iter2.TestAIRecommend" name="test_ai_recommend_shape" time="11.144" /><testcase classname="backend.tests.test_iter2.TestAds" name="test_full_ad_lifecycle" time="1.361" /><testcase classname="backend.tests.test_iter2.TestDashboard" name="test_stats_shape" time="0.134" /><testcase classname="backend.tests.test_iter2.TestCourses" name="test_create_update_delete_owner_only" time="0.682" /><testcase classname="backend.tests.test_iter2.TestCourses" name="test_enroll_idempotent_and_xp" time="0.701" /><testcase classname="backend.tests.test_iter2.TestXPandLeaderboard" name="test_leaderboard_sorted_desc" time="0.099" /><testcase classname="backend.tests.test_iter2.TestXPandLeaderboard" name="test_users_me_xp_shape" time="0.113" /><testcase classname="backend.tests.test_iter2.TestXPandLeaderboard" name="test_user_profile_has_level_and_badges" time="0.104" /><testcase classname="backend.tests.test_iter2.TestXPRulesAndBadges" name="test_post_create_awards_20_and_first_post_badge" time="0.331" /><testcase classname="backend.tests.test_iter2.TestXPRulesAndBadges" name="test_gig_apply_15_and_earner_badge" time="0.484" /><testcase classname="backend.tests.test_iter2.TestXPRulesAndBadges" name="test_enroll_awards_scholar" time="0.312" /><testcase classname="backend.tests.test_iter2.TestStreak" name="test_auth_me_does_not_double_count_same_day" time="0.722" /><testcase classname="backend.tests.test_iter3.TestWebSocket" name="test_invalid_token_closes" time="0.207" /><testcase classname="backend.tests.test_iter3.TestWebSocket" name="test_valid_token_connected_event" time="0.499" /><testcase classname="backend.tests.test_iter3.TestWebSocket" name="test_realtime_notification_on_follow" time="0.869" /><testcase classname="backend.tests.test_iter3.TestMediaValidation" name="test_reject_invalid_media[data:image/png;base64,iVBORw0KGgo=]" time="0.107" /><testcase classname="backend.tests.test_iter3.TestMediaValidation" name="test_reject_invalid_media[javascript:alert(1)]" time="0.112" /><testcase classname="backend.tests.test_iter3.TestMediaValidation" name="test_reject_invalid_media[]" time="0.104" /><testcase classname="backend.tests.test_iter3.TestMediaValidation" name="test_reject_invalid_media[ftp://example.com/x.png]" time="0.102" /><testcase classname="backend.tests.test_iter3.TestMediaValidation" name="test_reject_invalid_media[file:///etc/passwd]" time="0.120" /><testcase classname="backend.tests.test_iter3.TestMediaValidation" name="test_reject_invalid_media[blob:abc]" time="0.102" /><testcase classname="backend.tests.test_iter3.TestMediaValidation" name="test_accept_valid_media[https://images.unsplash.com/photo-x.jpg]" time="0.223" /><testcase classname="backend.tests.test_iter3.TestMediaValidation" name="test_accept_valid_media[http://example.com/x.png]" time="0.257" /><testcase classname="backend.tests.test_iter3.TestMediaValidation" name="test_accept_valid_media[/api/files/uploads/abc.png]" time="0.221" /><testcase classname="backend.tests.test_iter3.TestPasswordReset" name="test_forgot_unknown_email_returns_200" time="0.109" /><testcase classname="backend.tests.test_iter3.TestPasswordReset" name="test_forgot_known_email_returns_200_and_logs_link" time="0.113" /><testcase classname="backend.tests.test_iter3.TestPasswordReset" name="test_reset_invalid_token" time="0.107" /><testcase classname="backend.tests.test_iter3.TestPasswordReset" name="test_reset_valid_token_then_replay_blocked_then_restore" time="2.026" /><testcase classname="backend.tests.test_iter4.TestSearch" name="test_empty_q_422" time="0.137" /><testcase classname="backend.tests.test_iter4.TestSearch" name="test_missing_q_422" time="0.155" /><testcase classname="backend.tests.test_iter4.TestSearch" name="test_react_returns_all_sections" time="0.108" /><testcase classname="backend.tests.test_iter4.TestSearch" name="test_case_insensitive" time="0.220" /><testcase classname="backend.tests.test_iter4.TestSearch" name="test_user_hit_maya" time="0.108" /><testcase classname="backend.tests.test_iter4.TestSearch" name="test_design_multi" time="0.103" /><testcase classname="backend.tests.test_iter4.TestSearch" name="test_limit_param_respected" time="0.107" /><testcase classname="backend.tests.test_iter4.TestSearch" name="test_no_mongo_id_leak" time="0.107" /><testcase classname="backend.tests.test_iter4.TestPush" name="test_vapid_public_key" time="0.341" /><testcase classname="backend.tests.test_iter4.TestPush" name="test_subscribe_requires_auth" time="0.113" /><testcase classname="backend.tests.test_iter4.TestPush" name="test_subscribe_then_idempotent_then_unsubscribe" time="0.685" /><testcase classname="backend.tests.test_iter4.TestPush" name="test_subscribe_invalid_subscription" time="0.433" /><testcase classname="backend.tests.test_iter4.TestWebPushBestEffort" name="test_create_notification_with_fake_subscription_does_not_raise" time="1.237" /><testcase classname="backend.tests.test_iter4.TestForgotPasswordResendFallback" name="test_forgot_password_returns_ok" time="0.112" /><testcase classname="backend.tests.test_iter4.TestForgotPasswordResendFallback" name="test_forgot_password_unknown_email_ok" time="0.110" /><testcase classname="backend.tests.test_iter4.TestPostRefactorSmoke" name="test_login" time="0.329" /><testcase classname="backend.tests.test_iter4.TestPostRefactorSmoke" name="test_me" time="0.104" /><testcase classname="backend.tests.test_iter4.TestPostRefactorSmoke" name="test_feed" time="0.116" /><testcase classname="backend.tests.test_iter4.TestPostRefactorSmoke" name="test_explore" time="0.104" /><testcase classname="backend.tests.test_iter4.TestPostRefactorSmoke" name="test_courses" time="0.112" /><testcase classname="backend.tests.test_iter4.TestPostRefactorSmoke" name="test_gigs" time="0.116" /><testcase classname="backend.tests.test_iter4.TestPostRefactorSmoke" name="test_user_profile" time="0.122" /><testcase classname="backend.tests.test_iter4.TestPostRefactorSmoke" name="test_dashboard_stats" time="0.134" /><testcase classname="backend.tests.test_iter4.TestPostRefactorSmoke" name="test_notifications" time="0.115" /><testcase classname="backend.tests.test_iter4.TestPostRefactorSmoke" name="test_leaderboard" time="0.105" /><testcase classname="backend.tests.test_iter4.TestPostRefactorSmoke" name="test_xp" time="0.112" /><testcase classname="backend.tests.test_iter4.TestPostRefactorSmoke" name="test_ai_recommend" time="9.341" /><testcase classname="backend.tests.test_iter4.TestPostRefactorSmoke" name="test_ads_active" time="0.131" /></testsuite></testsuites>