<?xml version="1.0" encoding="utf-8"?><testsuites name="pytest tests"><testsuite name="pytest" errors="0" failures="0" skipped="0" tests="141" time="58.002" timestamp="2026-04-28T15:08:55.976589+00:00" hostname="agent-env-444f2ee0-822d-4df4-a1d4-dad1b9fb348e"><testcase classname="backend.tests.backend_test.TestAuth" name="test_login_success" time="0.388" /><testcase classname="backend.tests.backend_test.TestAuth" name="test_login_invalid" time="0.427" /><testcase classname="backend.tests.backend_test.TestAuth" name="test_me" time="0.469" /><testcase classname="backend.tests.backend_test.TestAuth" name="test_me_no_token" time="0.123" /><testcase classname="backend.tests.backend_test.TestAuth" name="test_register_and_duplicate" time="0.534" /><testcase classname="backend.tests.backend_test.TestPosts" name="test_feed" time="0.158" /><testcase classname="backend.tests.backend_test.TestPosts" name="test_explore" time="0.121" /><testcase classname="backend.tests.backend_test.TestPosts" name="test_create_like_comment" time="1.249" /><testcase classname="backend.tests.backend_test.TestPosts" name="test_create_no_auth" time="0.131" /><testcase classname="backend.tests.backend_test.TestUsers" name="test_get_profile" time="0.126" /><testcase classname="backend.tests.backend_test.TestUsers" name="test_get_profile_self" time="0.117" /><testcase classname="backend.tests.backend_test.TestUsers" name="test_follow_toggle" time="0.543" /><testcase classname="backend.tests.backend_test.TestUsers" name="test_update_profile" time="1.085" /><testcase classname="backend.tests.backend_test.TestCoursesGigs" name="test_courses" time="0.139" /><testcase classname="backend.tests.backend_test.TestCoursesGigs" name="test_gigs" time="0.195" /><testcase classname="backend.tests.backend_test.TestCoursesGigs" name="test_gig_apply" time="0.271" /><testcase classname="backend.tests.backend_test.TestCoursesGigs" name="test_gig_apply_no_auth" time="0.297" /><testcase classname="backend.tests.test_iter2.TestUploadAndFiles" name="test_upload_requires_auth" time="0.121" /><testcase classname="backend.tests.test_iter2.TestUploadAndFiles" name="test_upload_returns_url_and_path" time="0.604" /><testcase classname="backend.tests.test_iter2.TestUploadAndFiles" name="test_get_file_streams_bytes" time="0.237" /><testcase classname="backend.tests.test_iter2.TestNotifications" name="test_like_creates_notification_for_target_not_actor" time="0.992" /><testcase classname="backend.tests.test_iter2.TestNotifications" name="test_unread_count_and_read_all" time="0.403" /><testcase classname="backend.tests.test_iter2.TestNotifications" name="test_mark_one_read" time="0.873" /><testcase classname="backend.tests.test_iter2.TestNotifications" name="test_follow_creates_notification" time="0.666" /><testcase classname="backend.tests.test_iter2.TestAIRecommend" name="test_ai_recommend_shape" time="9.601" /><testcase classname="backend.tests.test_iter2.TestAds" name="test_full_ad_lifecycle" time="3.789" /><testcase classname="backend.tests.test_iter2.TestDashboard" name="test_stats_shape" time="0.121" /><testcase classname="backend.tests.test_iter2.TestCourses" name="test_create_update_delete_owner_only" time="0.803" /><testcase classname="backend.tests.test_iter2.TestCourses" name="test_enroll_idempotent_and_xp" time="0.800" /><testcase classname="backend.tests.test_iter2.TestXPandLeaderboard" name="test_leaderboard_sorted_desc" time="0.403" /><testcase classname="backend.tests.test_iter2.TestXPandLeaderboard" name="test_users_me_xp_shape" time="0.121" /><testcase classname="backend.tests.test_iter2.TestXPandLeaderboard" name="test_user_profile_has_level_and_badges" time="0.146" /><testcase classname="backend.tests.test_iter2.TestXPRulesAndBadges" name="test_post_create_awards_20_and_first_post_badge" time="0.382" /><testcase classname="backend.tests.test_iter2.TestXPRulesAndBadges" name="test_gig_apply_15_and_earner_badge" time="0.559" /><testcase classname="backend.tests.test_iter2.TestXPRulesAndBadges" name="test_enroll_awards_scholar" time="0.450" /><testcase classname="backend.tests.test_iter2.TestStreak" name="test_auth_me_does_not_double_count_same_day" time="0.754" /><testcase classname="backend.tests.test_iter3.TestWebSocket" name="test_invalid_token_closes" time="0.256" /><testcase classname="backend.tests.test_iter3.TestWebSocket" name="test_valid_token_connected_event" time="0.561" /><testcase classname="backend.tests.test_iter3.TestWebSocket" name="test_realtime_notification_on_follow" time="0.974" /><testcase classname="backend.tests.test_iter3.TestMediaValidation" name="test_reject_invalid_media[data:image/png;base64,iVBORw0KGgo=]" time="0.133" /><testcase classname="backend.tests.test_iter3.TestMediaValidation" name="test_reject_invalid_media[javascript:alert(1)]" time="0.126" /><testcase classname="backend.tests.test_iter3.TestMediaValidation" name="test_reject_invalid_media[]" time="0.178" /><testcase classname="backend.tests.test_iter3.TestMediaValidation" name="test_reject_invalid_media[ftp://example.com/x.png]" time="0.115" /><testcase classname="backend.tests.test_iter3.TestMediaValidation" name="test_reject_invalid_media[file:///etc/passwd]" time="0.185" /><testcase classname="backend.tests.test_iter3.TestMediaValidation" name="test_reject_invalid_media[blob:abc]" time="0.123" /><testcase classname="backend.tests.test_iter3.TestMediaValidation" name="test_accept_valid_media[https://images.unsplash.com/photo-x.jpg]" time="0.333" /><testcase classname="backend.tests.test_iter3.TestMediaValidation" name="test_accept_valid_media[http://example.com/x.png]" time="0.281" /><testcase classname="backend.tests.test_iter3.TestMediaValidation" name="test_accept_valid_media[/api/files/uploads/abc.png]" time="0.917" /><testcase classname="backend.tests.test_iter3.TestPasswordReset" name="test_forgot_unknown_email_returns_200" time="0.142" /><testcase classname="backend.tests.test_iter3.TestPasswordReset" name="test_forgot_known_email_returns_200_and_logs_link" time="0.133" /><testcase classname="backend.tests.test_iter3.TestPasswordReset" name="test_reset_invalid_token" time="0.115" /><testcase classname="backend.tests.test_iter3.TestPasswordReset" name="test_reset_valid_token_then_replay_blocked_then_restore" time="2.274" /><testcase classname="backend.tests.test_iter4.TestSearch" name="test_empty_q_422" time="0.198" /><testcase classname="backend.tests.test_iter4.TestSearch" name="test_missing_q_422" time="0.131" /><testcase classname="backend.tests.test_iter4.TestSearch" name="test_react_returns_all_sections" time="0.124" /><testcase classname="backend.tests.test_iter4.TestSearch" name="test_case_insensitive" time="0.237" /><testcase classname="backend.tests.test_iter4.TestSearch" name="test_user_hit_maya" time="0.119" /><testcase classname="backend.tests.test_iter4.TestSearch" name="test_design_multi" time="0.116" /><testcase classname="backend.tests.test_iter4.TestSearch" name="test_limit_param_respected" time="0.126" /><testcase classname="backend.tests.test_iter4.TestSearch" name="test_no_mongo_id_leak" time="0.125" /><testcase classname="backend.tests.test_iter4.TestPush" name="test_vapid_public_key" time="0.124" /><testcase classname="backend.tests.test_iter4.TestPush" name="test_subscribe_requires_auth" time="0.133" /><testcase classname="backend.tests.test_iter4.TestPush" name="test_subscribe_then_idempotent_then_unsubscribe" time="0.738" /><testcase classname="backend.tests.test_iter4.TestPush" name="test_subscribe_invalid_subscription" time="0.468" /><testcase classname="backend.tests.test_iter4.TestWebPushBestEffort" name="test_create_notification_with_fake_subscription_does_not_raise" time="1.402" /><testcase classname="backend.tests.test_iter4.TestForgotPasswordResendFallback" name="test_forgot_password_returns_ok" time="0.115" /><testcase classname="backend.tests.test_iter4.TestForgotPasswordResendFallback" name="test_forgot_password_unknown_email_ok" time="0.160" /><testcase classname="backend.tests.test_iter4.TestPostRefactorSmoke" name="test_login" time="0.348" /><testcase classname="backend.tests.test_iter4.TestPostRefactorSmoke" name="test_me" time="0.130" /><testcase classname="backend.tests.test_iter4.TestPostRefactorSmoke" name="test_feed" time="0.141" /><testcase classname="backend.tests.test_iter4.TestPostRefactorSmoke" name="test_explore" time="0.127" /><testcase classname="backend.tests.test_iter4.TestPostRefactorSmoke" name="test_courses" time="0.155" /><testcase classname="backend.tests.test_iter4.TestPostRefactorSmoke" name="test_gigs" time="0.121" /><testcase classname="backend.tests.test_iter4.TestPostRefactorSmoke" name="test_user_profile" time="0.136" /><testcase classname="backend.tests.test_iter4.TestPostRefactorSmoke" name="test_dashboard_stats" time="0.129" /><testcase classname="backend.tests.test_iter4.TestPostRefactorSmoke" name="test_notifications" time="0.129" /><testcase classname="backend.tests.test_iter4.TestPostRefactorSmoke" name="test_leaderboard" time="0.101" /><testcase classname="backend.tests.test_iter4.TestPostRefactorSmoke" name="test_xp" time="0.161" /><testcase classname="backend.tests.test_iter4.TestPostRefactorSmoke" name="test_ai_recommend" time="8.366" /><testcase classname="backend.tests.test_iter4.TestPostRefactorSmoke" name="test_ads_active" time="0.173" /><testcase classname="backend.tests.test_iter5.TestRegisterRole" name="test_register_default_role_is_student" time="0.359" /><testcase classname="backend.tests.test_iter5.TestRegisterRole" name="test_register_creator_role_accepted" time="0.291" /><testcase classname="backend.tests.test_iter5.TestRegisterRole" name="test_register_invalid_role_rejected" time="0.057" /><testcase classname="backend.tests.test_iter5.TestLoginRole" name="test_login_includes_role_creator" time="0.289" /><testcase classname="backend.tests.test_iter5.TestLoginRole" name="test_login_includes_role_admin" time="0.278" /><testcase classname="backend.tests.test_iter5.TestLoginRole" name="test_demo_creators_all_present" time="0.881" /><testcase classname="backend.tests.test_iter5.TestMyEnrollmentsApplications" name="test_my_enrollments_array" time="0.410" /><testcase classname="backend.tests.test_iter5.TestMyEnrollmentsApplications" name="test_my_applications_array" time="0.075" /><testcase classname="backend.tests.test_iter5.TestMyEnrollmentsApplications" name="test_enrollments_after_enroll" time="0.190" /><testcase classname="backend.tests.test_iter5.TestMyEnrollmentsApplications" name="test_applications_after_apply" time="0.192" /><testcase classname="backend.tests.test_iter5.TestUpgradeRole" name="test_student_can_upgrade_to_creator" time="0.352" /><testcase classname="backend.tests.test_iter5.TestUpgradeRole" name="test_upgrade_invalid_role_rejected" time="0.056" /><testcase classname="backend.tests.test_iter5.TestGigCRUD" name="test_student_cannot_create_gig" time="0.067" /><testcase classname="backend.tests.test_iter5.TestGigCRUD" name="test_creator_create_gig" time="0.066" /><testcase classname="backend.tests.test_iter5.TestGigCRUD" name="test_my_gigs_list" time="0.071" /><testcase classname="backend.tests.test_iter5.TestGigCRUD" name="test_my_gigs_forbidden_for_student" time="0.066" /><testcase classname="backend.tests.test_iter5.TestGigCRUD" name="test_apply_creates_application" time="0.084" /><testcase classname="backend.tests.test_iter5.TestGigCRUD" name="test_owner_lists_applicants" time="0.057" /><testcase classname="backend.tests.test_iter5.TestGigCRUD" name="test_non_owner_cannot_list_applicants" time="0.346" /><testcase classname="backend.tests.test_iter5.TestGigCRUD" name="test_status_update_by_owner" time="0.058" /><testcase classname="backend.tests.test_iter5.TestGigCRUD" name="test_status_invalid_value" time="0.069" /><testcase classname="backend.tests.test_iter5.TestGigCRUD" name="test_status_update_by_non_owner_forbidden" time="0.051" /><testcase classname="backend.tests.test_iter5.TestGigCRUD" name="test_patch_gig_by_non_owner" time="0.062" /><testcase classname="backend.tests.test_iter5.TestGigCRUD" name="test_patch_gig_by_owner" time="0.054" /><testcase classname="backend.tests.test_iter5.TestGigCRUD" name="test_delete_gig_cascades_applications" time="0.105" /><testcase classname="backend.tests.test_iter5.TestReelsSubscriptions" name="test_reels_returns_only_videos" time="0.055" /><testcase classname="backend.tests.test_iter5.TestReelsSubscriptions" name="test_subscriptions_requires_auth" time="0.055" /><testcase classname="backend.tests.test_iter5.TestReelsSubscriptions" name="test_subscriptions_empty_when_not_following" time="0.065" /><testcase classname="backend.tests.test_iter5.TestReelsSubscriptions" name="test_subscriptions_after_follow" time="0.121" /><testcase classname="backend.tests.test_iter5.TestInsightsCRM" name="test_insights_creator_ok" time="0.057" /><testcase classname="backend.tests.test_iter5.TestInsightsCRM" name="test_insights_student_forbidden" time="0.063" /><testcase classname="backend.tests.test_iter5.TestInsightsCRM" name="test_crm_creator_ok" time="0.057" /><testcase classname="backend.tests.test_iter5.TestInsightsCRM" name="test_crm_student_forbidden" time="0.050" /><testcase classname="backend.tests.test_iter5.TestRegressionSmoke" name="test_feed" time="0.066" /><testcase classname="backend.tests.test_iter5.TestRegressionSmoke" name="test_explore" time="0.059" /><testcase classname="backend.tests.test_iter5.TestRegressionSmoke" name="test_courses" time="0.050" /><testcase classname="backend.tests.test_iter5.TestRegressionSmoke" name="test_gigs" time="0.056" /><testcase classname="backend.tests.test_iter5.TestRegressionSmoke" name="test_leaderboard" time="0.062" /><testcase classname="backend.tests.test_iter5.TestRegressionSmoke" name="test_search" time="0.060" /><testcase classname="backend.tests.test_iter5.TestRegressionSmoke" name="test_dashboard_stats" time="0.055" /><testcase classname="backend.tests.test_iter5.TestRegressionSmoke" name="test_notifications" time="0.089" /><testcase classname="backend.tests.test_iter5.TestRegressionSmoke" name="test_my_xp" time="0.059" /><testcase classname="backend.tests.test_iter6.TestCreatorStorefront" name="test_storefront_admin" time="0.231" /><testcase classname="backend.tests.test_iter6.TestCreatorStorefront" name="test_storefront_maya" time="0.062" /><testcase classname="backend.tests.test_iter6.TestCreatorStorefront" name="test_storefront_arjun" time="0.074" /><testcase classname="backend.tests.test_iter6.TestCreatorStorefront" name="test_storefront_neha" time="0.057" /><testcase classname="backend.tests.test_iter6.TestCreatorStorefront" name="test_storefront_404" time="0.055" /><testcase classname="backend.tests.test_iter6.TestCreatorStorefront" name="test_storefront_courses_have_enrollments" time="0.060" /><testcase classname="backend.tests.test_iter6.TestSearchHybrid" name="test_search_full_word_react" time="0.054" /><testcase classname="backend.tests.test_iter6.TestSearchHybrid" name="test_search_short_partial_re" time="0.064" /><testcase classname="backend.tests.test_iter6.TestSearchHybrid" name="test_search_partial_may" time="0.057" /><testcase classname="backend.tests.test_iter6.TestPasswordReset" name="test_forgot_inserts_dual_field_token" time="0.059" /><testcase classname="backend.tests.test_iter6.TestPasswordReset" name="test_ttl_index_present" time="0.003" /><testcase classname="backend.tests.test_iter6.TestPasswordReset" name="test_reset_flow_end_to_end" time="0.898" /><testcase classname="backend.tests.test_iter6.TestTextIndexes" name="test_text_indexes_exist" time="0.004" /><testcase classname="backend.tests.test_iter6.TestRegression" name="test_login" time="0.276" /><testcase classname="backend.tests.test_iter6.TestRegression" name="test_me" time="0.334" /><testcase classname="backend.tests.test_iter6.TestRegression" name="test_feed" time="0.061" /><testcase classname="backend.tests.test_iter6.TestRegression" name="test_reels" time="0.055" /><testcase classname="backend.tests.test_iter6.TestRegression" name="test_insights_creator_only" time="0.058" /><testcase classname="backend.tests.test_iter6.TestRegression" name="test_crm" time="0.060" /></testsuite></testsuites>