<?xml version="1.0" encoding="utf-8"?><testsuites name="pytest tests"><testsuite name="pytest" errors="0" failures="0" skipped="0" tests="7" time="1.808" timestamp="2026-05-01T05:21:25.392159+00:00" hostname="agent-env-444f2ee0-822d-4df4-a1d4-dad1b9fb348e"><testcase classname="backend.tests.test_iter8.TestEmailVerification" name="test_signup_creates_unverified_user_and_token" time="0.466" /><testcase classname="backend.tests.test_iter8.TestEmailVerification" name="test_seeded_users_pre_verified" time="0.005" /><testcase classname="backend.tests.test_iter8.TestEmailVerification" name="test_resend_already_verified" time="0.452" /><testcase classname="backend.tests.test_iter8.TestEmailVerification" name="test_resend_rate_limited" time="0.459" /><testcase classname="backend.tests.test_iter8.TestEmailVerification" name="test_verify_email_invalid_token" time="0.105" /><testcase classname="backend.tests.test_iter8.TestEmailVerification" name="test_verify_email_valid_token_sets_verified_and_awards_xp" time="0.111" /><testcase classname="backend.tests.test_iter8.TestEmailVerification" name="test_verify_email_used_token_rejected" time="0.108" /></testsuite></testsuites>