<?xml version="1.0" encoding="utf-8"?><testsuites name="pytest tests"><testsuite name="pytest" errors="0" failures="0" skipped="0" tests="42" time="5.373" timestamp="2026-04-28T13:07:31.314896+00:00" hostname="agent-env-444f2ee0-822d-4df4-a1d4-dad1b9fb348e"><testcase classname="backend.tests.test_iter5.TestRegisterRole" name="test_register_default_role_is_student" time="0.472" /><testcase classname="backend.tests.test_iter5.TestRegisterRole" name="test_register_creator_role_accepted" time="0.291" /><testcase classname="backend.tests.test_iter5.TestRegisterRole" name="test_register_invalid_role_rejected" time="0.051" /><testcase classname="backend.tests.test_iter5.TestLoginRole" name="test_login_includes_role_creator" time="0.280" /><testcase classname="backend.tests.test_iter5.TestLoginRole" name="test_login_includes_role_admin" time="0.277" /><testcase classname="backend.tests.test_iter5.TestLoginRole" name="test_demo_creators_all_present" time="0.832" /><testcase classname="backend.tests.test_iter5.TestMyEnrollmentsApplications" name="test_my_enrollments_array" time="0.327" /><testcase classname="backend.tests.test_iter5.TestMyEnrollmentsApplications" name="test_my_applications_array" time="0.053" /><testcase classname="backend.tests.test_iter5.TestMyEnrollmentsApplications" name="test_enrollments_after_enroll" time="0.167" /><testcase classname="backend.tests.test_iter5.TestMyEnrollmentsApplications" name="test_applications_after_apply" time="0.154" /><testcase classname="backend.tests.test_iter5.TestUpgradeRole" name="test_student_can_upgrade_to_creator" time="0.331" /><testcase classname="backend.tests.test_iter5.TestUpgradeRole" name="test_upgrade_invalid_role_rejected" time="0.065" /><testcase classname="backend.tests.test_iter5.TestGigCRUD" name="test_student_cannot_create_gig" time="0.053" /><testcase classname="backend.tests.test_iter5.TestGigCRUD" name="test_creator_create_gig" time="0.054" /><testcase classname="backend.tests.test_iter5.TestGigCRUD" name="test_my_gigs_list" time="0.051" /><testcase classname="backend.tests.test_iter5.TestGigCRUD" name="test_my_gigs_forbidden_for_student" time="0.050" /><testcase classname="backend.tests.test_iter5.TestGigCRUD" name="test_apply_creates_application" time="0.054" /><testcase classname="backend.tests.test_iter5.TestGigCRUD" name="test_owner_lists_applicants" time="0.057" /><testcase classname="backend.tests.test_iter5.TestGigCRUD" name="test_non_owner_cannot_list_applicants" time="0.323" /><testcase classname="backend.tests.test_iter5.TestGigCRUD" name="test_status_update_by_owner" time="0.055" /><testcase classname="backend.tests.test_iter5.TestGigCRUD" name="test_status_invalid_value" time="0.056" /><testcase classname="backend.tests.test_iter5.TestGigCRUD" name="test_status_update_by_non_owner_forbidden" time="0.051" /><testcase classname="backend.tests.test_iter5.TestGigCRUD" name="test_patch_gig_by_non_owner" time="0.053" /><testcase classname="backend.tests.test_iter5.TestGigCRUD" name="test_patch_gig_by_owner" time="0.054" /><testcase classname="backend.tests.test_iter5.TestGigCRUD" name="test_delete_gig_cascades_applications" time="0.094" /><testcase classname="backend.tests.test_iter5.TestReelsSubscriptions" name="test_reels_returns_only_videos" time="0.051" /><testcase classname="backend.tests.test_iter5.TestReelsSubscriptions" name="test_subscriptions_requires_auth" time="0.049" /><testcase classname="backend.tests.test_iter5.TestReelsSubscriptions" name="test_subscriptions_empty_when_not_following" time="0.048" /><testcase classname="backend.tests.test_iter5.TestReelsSubscriptions" name="test_subscriptions_after_follow" time="0.107" /><testcase classname="backend.tests.test_iter5.TestInsightsCRM" name="test_insights_creator_ok" time="0.051" /><testcase classname="backend.tests.test_iter5.TestInsightsCRM" name="test_insights_student_forbidden" time="0.047" /><testcase classname="backend.tests.test_iter5.TestInsightsCRM" name="test_crm_creator_ok" time="0.052" /><testcase classname="backend.tests.test_iter5.TestInsightsCRM" name="test_crm_student_forbidden" time="0.046" /><testcase classname="backend.tests.test_iter5.TestRegressionSmoke" name="test_feed" time="0.066" /><testcase classname="backend.tests.test_iter5.TestRegressionSmoke" name="test_explore" time="0.055" /><testcase classname="backend.tests.test_iter5.TestRegressionSmoke" name="test_courses" time="0.048" /><testcase classname="backend.tests.test_iter5.TestRegressionSmoke" name="test_gigs" time="0.057" /><testcase classname="backend.tests.test_iter5.TestRegressionSmoke" name="test_leaderboard" time="0.049" /><testcase classname="backend.tests.test_iter5.TestRegressionSmoke" name="test_search" time="0.051" /><testcase classname="backend.tests.test_iter5.TestRegressionSmoke" name="test_dashboard_stats" time="0.060" /><testcase classname="backend.tests.test_iter5.TestRegressionSmoke" name="test_notifications" time="0.056" /><testcase classname="backend.tests.test_iter5.TestRegressionSmoke" name="test_my_xp" time="0.050" /></testsuite></testsuites>