<?xml version="1.0" encoding="utf-8"?><testsuites name="pytest tests"><testsuite name="pytest" errors="0" failures="0" skipped="0" tests="19" time="21.752" timestamp="2026-04-28T11:29:42.763991+00:00" hostname="agent-env-444f2ee0-822d-4df4-a1d4-dad1b9fb348e"><testcase classname="backend.tests.test_iter2.TestUploadAndFiles" name="test_upload_requires_auth" time="0.223" /><testcase classname="backend.tests.test_iter2.TestUploadAndFiles" name="test_upload_returns_url_and_path" time="0.600" /><testcase classname="backend.tests.test_iter2.TestUploadAndFiles" name="test_get_file_streams_bytes" time="0.243" /><testcase classname="backend.tests.test_iter2.TestNotifications" name="test_like_creates_notification_for_target_not_actor" time="0.816" /><testcase classname="backend.tests.test_iter2.TestNotifications" name="test_unread_count_and_read_all" time="0.340" /><testcase classname="backend.tests.test_iter2.TestNotifications" name="test_mark_one_read" time="0.817" /><testcase classname="backend.tests.test_iter2.TestNotifications" name="test_follow_creates_notification" time="0.608" /><testcase classname="backend.tests.test_iter2.TestAIRecommend" name="test_ai_recommend_shape" time="12.679" /><testcase classname="backend.tests.test_iter2.TestAds" name="test_full_ad_lifecycle" time="1.417" /><testcase classname="backend.tests.test_iter2.TestDashboard" name="test_stats_shape" time="0.112" /><testcase classname="backend.tests.test_iter2.TestCourses" name="test_create_update_delete_owner_only" time="0.736" /><testcase classname="backend.tests.test_iter2.TestCourses" name="test_enroll_idempotent_and_xp" time="0.729" /><testcase classname="backend.tests.test_iter2.TestXPandLeaderboard" name="test_leaderboard_sorted_desc" time="0.107" /><testcase classname="backend.tests.test_iter2.TestXPandLeaderboard" name="test_users_me_xp_shape" time="0.148" /><testcase classname="backend.tests.test_iter2.TestXPandLeaderboard" name="test_user_profile_has_level_and_badges" time="0.111" /><testcase classname="backend.tests.test_iter2.TestXPRulesAndBadges" name="test_post_create_awards_20_and_first_post_badge" time="0.347" /><testcase classname="backend.tests.test_iter2.TestXPRulesAndBadges" name="test_gig_apply_15_and_earner_badge" time="0.469" /><testcase classname="backend.tests.test_iter2.TestXPRulesAndBadges" name="test_enroll_awards_scholar" time="0.342" /><testcase classname="backend.tests.test_iter2.TestStreak" name="test_auth_me_does_not_double_count_same_day" time="0.804" /></testsuite></testsuites>