<?xml version="1.0" encoding="utf-8"?><testsuites name="pytest tests"><testsuite name="pytest" errors="0" failures="0" skipped="0" tests="28" time="17.664" timestamp="2026-04-28T12:11:12.124439+00:00" hostname="agent-env-444f2ee0-822d-4df4-a1d4-dad1b9fb348e"><testcase classname="backend.tests.test_iter4.TestSearch" name="test_empty_q_422" time="0.232" /><testcase classname="backend.tests.test_iter4.TestSearch" name="test_missing_q_422" time="1.166" /><testcase classname="backend.tests.test_iter4.TestSearch" name="test_react_returns_all_sections" time="0.128" /><testcase classname="backend.tests.test_iter4.TestSearch" name="test_case_insensitive" time="0.245" /><testcase classname="backend.tests.test_iter4.TestSearch" name="test_user_hit_maya" time="0.110" /><testcase classname="backend.tests.test_iter4.TestSearch" name="test_design_multi" time="0.113" /><testcase classname="backend.tests.test_iter4.TestSearch" name="test_limit_param_respected" time="0.120" /><testcase classname="backend.tests.test_iter4.TestSearch" name="test_no_mongo_id_leak" time="0.112" /><testcase classname="backend.tests.test_iter4.TestPush" name="test_vapid_public_key" time="0.154" /><testcase classname="backend.tests.test_iter4.TestPush" name="test_subscribe_requires_auth" time="0.110" /><testcase classname="backend.tests.test_iter4.TestPush" name="test_subscribe_then_idempotent_then_unsubscribe" time="0.699" /><testcase classname="backend.tests.test_iter4.TestPush" name="test_subscribe_invalid_subscription" time="0.885" /><testcase classname="backend.tests.test_iter4.TestWebPushBestEffort" name="test_create_notification_with_fake_subscription_does_not_raise" time="1.225" /><testcase classname="backend.tests.test_iter4.TestForgotPasswordResendFallback" name="test_forgot_password_returns_ok" time="0.104" /><testcase classname="backend.tests.test_iter4.TestForgotPasswordResendFallback" name="test_forgot_password_unknown_email_ok" time="0.114" /><testcase classname="backend.tests.test_iter4.TestPostRefactorSmoke" name="test_login" time="0.331" /><testcase classname="backend.tests.test_iter4.TestPostRefactorSmoke" name="test_me" time="0.104" /><testcase classname="backend.tests.test_iter4.TestPostRefactorSmoke" name="test_feed" time="0.114" /><testcase classname="backend.tests.test_iter4.TestPostRefactorSmoke" name="test_explore" time="0.108" /><testcase classname="backend.tests.test_iter4.TestPostRefactorSmoke" name="test_courses" time="0.117" /><testcase classname="backend.tests.test_iter4.TestPostRefactorSmoke" name="test_gigs" time="0.112" /><testcase classname="backend.tests.test_iter4.TestPostRefactorSmoke" name="test_user_profile" time="0.101" /><testcase classname="backend.tests.test_iter4.TestPostRefactorSmoke" name="test_dashboard_stats" time="0.114" /><testcase classname="backend.tests.test_iter4.TestPostRefactorSmoke" name="test_notifications" time="0.100" /><testcase classname="backend.tests.test_iter4.TestPostRefactorSmoke" name="test_leaderboard" time="0.396" /><testcase classname="backend.tests.test_iter4.TestPostRefactorSmoke" name="test_xp" time="0.115" /><testcase classname="backend.tests.test_iter4.TestPostRefactorSmoke" name="test_ai_recommend" time="10.123" /><testcase classname="backend.tests.test_iter4.TestPostRefactorSmoke" name="test_ads_active" time="0.153" /></testsuite></testsuites>