<?xml version="1.0" encoding="utf-8"?><testsuites name="pytest tests"><testsuite name="pytest" errors="0" failures="1" skipped="0" tests="16" time="5.531" timestamp="2026-04-28T11:41:54.107659+00:00" hostname="agent-env-444f2ee0-822d-4df4-a1d4-dad1b9fb348e"><testcase classname="backend.tests.test_iter3.TestWebSocket" name="test_invalid_token_closes" time="0.244"><failure message="AssertionError: expected 4401 close, got err:server rejected WebSocket connection: HTTP 403&#10;assert 'err:server rejected WebSocket connection: HTTP 403' == 4401">backend/tests/test_iter3.py:60: in test_invalid_token_closes
    assert code == 4401, f"expected 4401 close, got {code}"
E   AssertionError: expected 4401 close, got err:server rejected WebSocket connection: HTTP 403
E   assert 'err:server rejected WebSocket connection: HTTP 403' == 4401</failure></testcase><testcase classname="backend.tests.test_iter3.TestWebSocket" name="test_valid_token_connected_event" time="0.545" /><testcase classname="backend.tests.test_iter3.TestWebSocket" name="test_realtime_notification_on_follow" time="0.858" /><testcase classname="backend.tests.test_iter3.TestMediaValidation" name="test_reject_invalid_media[data:image/png;base64,iVBORw0KGgo=]" time="0.133" /><testcase classname="backend.tests.test_iter3.TestMediaValidation" name="test_reject_invalid_media[javascript:alert(1)]" time="0.108" /><testcase classname="backend.tests.test_iter3.TestMediaValidation" name="test_reject_invalid_media[]" time="0.118" /><testcase classname="backend.tests.test_iter3.TestMediaValidation" name="test_reject_invalid_media[ftp://example.com/x.png]" time="0.105" /><testcase classname="backend.tests.test_iter3.TestMediaValidation" name="test_reject_invalid_media[file:///etc/passwd]" time="0.112" /><testcase classname="backend.tests.test_iter3.TestMediaValidation" name="test_reject_invalid_media[blob:abc]" time="0.116" /><testcase classname="backend.tests.test_iter3.TestMediaValidation" name="test_accept_valid_media[https://images.unsplash.com/photo-x.jpg]" time="0.266" /><testcase classname="backend.tests.test_iter3.TestMediaValidation" name="test_accept_valid_media[http://example.com/x.png]" time="0.214" /><testcase classname="backend.tests.test_iter3.TestMediaValidation" name="test_accept_valid_media[/api/files/uploads/abc.png]" time="0.236" /><testcase classname="backend.tests.test_iter3.TestPasswordReset" name="test_forgot_unknown_email_returns_200" time="0.111" /><testcase classname="backend.tests.test_iter3.TestPasswordReset" name="test_forgot_known_email_returns_200_and_logs_link" time="0.120" /><testcase classname="backend.tests.test_iter3.TestPasswordReset" name="test_reset_invalid_token" time="0.132" /><testcase classname="backend.tests.test_iter3.TestPasswordReset" name="test_reset_valid_token_then_replay_blocked_then_restore" time="2.013" /></testsuite></testsuites>