<?xml version="1.0" encoding="utf-8"?><testsuites name="pytest tests"><testsuite name="pytest" errors="0" failures="0" skipped="0" tests="19" time="3.283" timestamp="2026-04-28T15:08:48.425896+00:00" hostname="agent-env-444f2ee0-822d-4df4-a1d4-dad1b9fb348e"><testcase classname="backend.tests.test_iter6.TestCreatorStorefront" name="test_storefront_admin" time="0.333" /><testcase classname="backend.tests.test_iter6.TestCreatorStorefront" name="test_storefront_maya" time="0.111" /><testcase classname="backend.tests.test_iter6.TestCreatorStorefront" name="test_storefront_arjun" time="0.291" /><testcase classname="backend.tests.test_iter6.TestCreatorStorefront" name="test_storefront_neha" time="0.074" /><testcase classname="backend.tests.test_iter6.TestCreatorStorefront" name="test_storefront_404" time="0.061" /><testcase classname="backend.tests.test_iter6.TestCreatorStorefront" name="test_storefront_courses_have_enrollments" time="0.068" /><testcase classname="backend.tests.test_iter6.TestSearchHybrid" name="test_search_full_word_react" time="0.055" /><testcase classname="backend.tests.test_iter6.TestSearchHybrid" name="test_search_short_partial_re" time="0.069" /><testcase classname="backend.tests.test_iter6.TestSearchHybrid" name="test_search_partial_may" time="0.063" /><testcase classname="backend.tests.test_iter6.TestPasswordReset" name="test_forgot_inserts_dual_field_token" time="0.060" /><testcase classname="backend.tests.test_iter6.TestPasswordReset" name="test_ttl_index_present" time="0.003" /><testcase classname="backend.tests.test_iter6.TestPasswordReset" name="test_reset_flow_end_to_end" time="0.987" /><testcase classname="backend.tests.test_iter6.TestTextIndexes" name="test_text_indexes_exist" time="0.004" /><testcase classname="backend.tests.test_iter6.TestRegression" name="test_login" time="0.279" /><testcase classname="backend.tests.test_iter6.TestRegression" name="test_me" time="0.351" /><testcase classname="backend.tests.test_iter6.TestRegression" name="test_feed" time="0.078" /><testcase classname="backend.tests.test_iter6.TestRegression" name="test_reels" time="0.078" /><testcase classname="backend.tests.test_iter6.TestRegression" name="test_insights_creator_only" time="0.082" /><testcase classname="backend.tests.test_iter6.TestRegression" name="test_crm" time="0.085" /></testsuite></testsuites>