<?xml version="1.0" encoding="utf-8"?><testsuites name="pytest tests"><testsuite name="pytest" errors="0" failures="0" skipped="0" tests="17" time="4.882" timestamp="2026-04-22T11:08:54.077750+00:00" hostname="agent-env-444f2ee0-822d-4df4-a1d4-dad1b9fb348e"><testcase classname="backend.tests.backend_test.TestAuth" name="test_login_success" time="0.425" /><testcase classname="backend.tests.backend_test.TestAuth" name="test_login_invalid" time="0.342" /><testcase classname="backend.tests.backend_test.TestAuth" name="test_me" time="0.470" /><testcase classname="backend.tests.backend_test.TestAuth" name="test_me_no_token" time="0.114" /><testcase classname="backend.tests.backend_test.TestAuth" name="test_register_and_duplicate" time="0.469" /><testcase classname="backend.tests.backend_test.TestPosts" name="test_feed" time="0.148" /><testcase classname="backend.tests.backend_test.TestPosts" name="test_explore" time="0.101" /><testcase classname="backend.tests.backend_test.TestPosts" name="test_create_like_comment" time="1.052" /><testcase classname="backend.tests.backend_test.TestPosts" name="test_create_no_auth" time="0.116" /><testcase classname="backend.tests.backend_test.TestUsers" name="test_get_profile" time="0.104" /><testcase classname="backend.tests.backend_test.TestUsers" name="test_get_profile_self" time="0.109" /><testcase classname="backend.tests.backend_test.TestUsers" name="test_follow_toggle" time="0.440" /><testcase classname="backend.tests.backend_test.TestUsers" name="test_update_profile" time="0.211" /><testcase classname="backend.tests.backend_test.TestCoursesGigs" name="test_courses" time="0.101" /><testcase classname="backend.tests.backend_test.TestCoursesGigs" name="test_gigs" time="0.107" /><testcase classname="backend.tests.backend_test.TestCoursesGigs" name="test_gig_apply" time="0.219" /><testcase classname="backend.tests.backend_test.TestCoursesGigs" name="test_gig_apply_no_auth" time="0.219" /></testsuite></testsuites>